2024/10/04 00:02:28 [notice] 1#1: using the "epoll" event method
2024/10/04 00:02:28 [notice] 1#1: nginx/1.26.0
2024/10/04 00:02:28 [notice] 1#1: built by gcc 13.2.1 20231014 (Alpine 13.2.1_git20231014) 
2024/10/04 00:02:28 [notice] 1#1: OS: Linux 6.8.0-45-generic
2024/10/04 00:02:28 [notice] 1#1: getrlimit(RLIMIT_NOFILE): 1048576:1048576
2024/10/04 00:02:28 [notice] 1#1: start worker processes
2024/10/04 00:02:28 [notice] 1#1: start worker process 29
2024/10/04 00:02:28 [notice] 1#1: start worker process 30
2024/10/04 00:02:28 [notice] 1#1: start worker process 31
2024/10/04 00:02:28 [notice] 1#1: start worker process 32
2024/10/04 00:02:28 [notice] 1#1: start worker process 33
2024/10/04 00:02:28 [notice] 1#1: start worker process 34
2024/10/04 00:02:28 [notice] 1#1: start worker process 35
2024/10/04 00:02:28 [notice] 1#1: start worker process 36
2024/10/04 00:49:23 [notice] 1#1: signal 3 (SIGQUIT) received, shutting down
2024/10/04 00:49:23 [notice] 29#29: gracefully shutting down
2024/10/04 00:49:23 [notice] 33#33: gracefully shutting down
2024/10/04 00:49:23 [notice] 32#32: gracefully shutting down
2024/10/04 00:49:23 [notice] 31#31: gracefully shutting down
2024/10/04 00:49:23 [notice] 35#35: gracefully shutting down
2024/10/04 00:49:23 [notice] 29#29: exiting
2024/10/04 00:49:23 [notice] 33#33: exiting
2024/10/04 00:49:23 [notice] 32#32: exiting
2024/10/04 00:49:23 [notice] 31#31: exiting
2024/10/04 00:49:23 [notice] 35#35: exiting
2024/10/04 00:49:23 [notice] 29#29: exit
2024/10/04 00:49:23 [notice] 34#34: gracefully shutting down
2024/10/04 00:49:23 [notice] 31#31: exit
2024/10/04 00:49:23 [notice] 33#33: exit
2024/10/04 00:49:23 [notice] 35#35: exit
2024/10/04 00:49:23 [notice] 34#34: exiting
2024/10/04 00:49:23 [notice] 34#34: exit
2024/10/04 00:49:23 [notice] 30#30: gracefully shutting down
2024/10/04 00:49:23 [notice] 30#30: exiting
2024/10/04 00:49:23 [notice] 30#30: exit
2024/10/04 00:49:23 [notice] 36#36: gracefully shutting down
2024/10/04 00:49:23 [notice] 36#36: exiting
2024/10/04 00:49:23 [notice] 32#32: exit
2024/10/04 00:49:23 [notice] 36#36: exit
2024/10/04 00:49:23 [notice] 1#1: signal 17 (SIGCHLD) received from 35
2024/10/04 00:49:23 [notice] 1#1: worker process 35 exited with code 0
2024/10/04 00:49:23 [notice] 1#1: signal 29 (SIGIO) received
2024/10/04 00:49:23 [notice] 1#1: signal 17 (SIGCHLD) received from 30
2024/10/04 00:49:23 [notice] 1#1: worker process 30 exited with code 0
2024/10/04 00:49:23 [notice] 1#1: signal 29 (SIGIO) received
2024/10/04 00:49:23 [notice] 1#1: signal 17 (SIGCHLD) received from 31
2024/10/04 00:49:23 [notice] 1#1: worker process 31 exited with code 0
2024/10/04 00:49:23 [notice] 1#1: signal 29 (SIGIO) received
2024/10/04 00:49:23 [notice] 1#1: signal 17 (SIGCHLD) received from 29
2024/10/04 00:49:23 [notice] 1#1: worker process 29 exited with code 0
2024/10/04 00:49:23 [notice] 1#1: worker process 32 exited with code 0
2024/10/04 00:49:23 [notice] 1#1: signal 29 (SIGIO) received
2024/10/04 00:49:23 [notice] 1#1: signal 17 (SIGCHLD) received from 32
2024/10/04 00:49:23 [notice] 1#1: signal 17 (SIGCHLD) received from 33
2024/10/04 00:49:23 [notice] 1#1: worker process 33 exited with code 0
2024/10/04 00:49:23 [notice] 1#1: signal 29 (SIGIO) received
2024/10/04 00:49:23 [notice] 1#1: signal 17 (SIGCHLD) received from 34
2024/10/04 00:49:23 [notice] 1#1: worker process 34 exited with code 0
2024/10/04 00:49:23 [notice] 1#1: worker process 36 exited with code 0
2024/10/04 00:49:23 [notice] 1#1: exit
2024/10/04 18:02:52 [emerg] 1#1: cannot load certificate "/etc/letsencrypt/live/sobunny.com/fullchain.pem": BIO_new_file() failed (SSL: error:80000002:system library::No such file or directory:calling fopen(/etc/letsencrypt/live/sobunny.com/fullchain.pem, r) error:10000080:BIO routines::no such file)
2024/10/04 18:02:52 [emerg] 1#1: cannot load certificate "/etc/letsencrypt/live/sobunny.com/fullchain.pem": BIO_new_file() failed (SSL: error:80000002:system library::No such file or directory:calling fopen(/etc/letsencrypt/live/sobunny.com/fullchain.pem, r) error:10000080:BIO routines::no such file)
2024/10/04 18:02:53 [emerg] 1#1: cannot load certificate "/etc/letsencrypt/live/sobunny.com/fullchain.pem": BIO_new_file() failed (SSL: error:80000002:system library::No such file or directory:calling fopen(/etc/letsencrypt/live/sobunny.com/fullchain.pem, r) error:10000080:BIO routines::no such file)
2024/10/04 18:02:53 [emerg] 1#1: cannot load certificate "/etc/letsencrypt/live/sobunny.com/fullchain.pem": BIO_new_file() failed (SSL: error:80000002:system library::No such file or directory:calling fopen(/etc/letsencrypt/live/sobunny.com/fullchain.pem, r) error:10000080:BIO routines::no such file)
2024/10/04 18:02:54 [emerg] 1#1: cannot load certificate "/etc/letsencrypt/live/sobunny.com/fullchain.pem": BIO_new_file() failed (SSL: error:80000002:system library::No such file or directory:calling fopen(/etc/letsencrypt/live/sobunny.com/fullchain.pem, r) error:10000080:BIO routines::no such file)
2024/10/04 18:02:56 [emerg] 1#1: cannot load certificate "/etc/letsencrypt/live/sobunny.com/fullchain.pem": BIO_new_file() failed (SSL: error:80000002:system library::No such file or directory:calling fopen(/etc/letsencrypt/live/sobunny.com/fullchain.pem, r) error:10000080:BIO routines::no such file)
2024/10/04 18:02:59 [emerg] 1#1: cannot load certificate "/etc/letsencrypt/live/sobunny.com/fullchain.pem": BIO_new_file() failed (SSL: error:80000002:system library::No such file or directory:calling fopen(/etc/letsencrypt/live/sobunny.com/fullchain.pem, r) error:10000080:BIO routines::no such file)
2024/10/04 18:03:06 [emerg] 1#1: cannot load certificate "/etc/letsencrypt/live/sobunny.com/fullchain.pem": BIO_new_file() failed (SSL: error:80000002:system library::No such file or directory:calling fopen(/etc/letsencrypt/live/sobunny.com/fullchain.pem, r) error:10000080:BIO routines::no such file)
2024/10/04 18:03:19 [emerg] 1#1: cannot load certificate "/etc/letsencrypt/live/sobunny.com/fullchain.pem": BIO_new_file() failed (SSL: error:80000002:system library::No such file or directory:calling fopen(/etc/letsencrypt/live/sobunny.com/fullchain.pem, r) error:10000080:BIO routines::no such file)
2024/10/04 18:03:45 [emerg] 1#1: cannot load certificate "/etc/letsencrypt/live/sobunny.com/fullchain.pem": BIO_new_file() failed (SSL: error:80000002:system library::No such file or directory:calling fopen(/etc/letsencrypt/live/sobunny.com/fullchain.pem, r) error:10000080:BIO routines::no such file)
2024/10/04 18:04:36 [emerg] 1#1: cannot load certificate "/etc/letsencrypt/live/sobunny.com/fullchain.pem": BIO_new_file() failed (SSL: error:80000002:system library::No such file or directory:calling fopen(/etc/letsencrypt/live/sobunny.com/fullchain.pem, r) error:10000080:BIO routines::no such file)
2024/10/04 18:05:36 [emerg] 1#1: cannot load certificate "/etc/letsencrypt/live/sobunny.com/fullchain.pem": BIO_new_file() failed (SSL: error:80000002:system library::No such file or directory:calling fopen(/etc/letsencrypt/live/sobunny.com/fullchain.pem, r) error:10000080:BIO routines::no such file)
2024/10/04 18:06:37 [emerg] 1#1: cannot load certificate "/etc/letsencrypt/live/sobunny.com/fullchain.pem": BIO_new_file() failed (SSL: error:80000002:system library::No such file or directory:calling fopen(/etc/letsencrypt/live/sobunny.com/fullchain.pem, r) error:10000080:BIO routines::no such file)
2024/10/04 18:07:10 [emerg] 1#1: cannot load certificate "/etc/letsencrypt/live/sobunny.com/fullchain.pem": BIO_new_file() failed (SSL: error:80000002:system library::No such file or directory:calling fopen(/etc/letsencrypt/live/sobunny.com/fullchain.pem, r) error:10000080:BIO routines::no such file)
2024/10/04 18:07:10 [emerg] 1#1: cannot load certificate "/etc/letsencrypt/live/sobunny.com/fullchain.pem": BIO_new_file() failed (SSL: error:80000002:system library::No such file or directory:calling fopen(/etc/letsencrypt/live/sobunny.com/fullchain.pem, r) error:10000080:BIO routines::no such file)
2024/10/04 18:07:10 [emerg] 1#1: cannot load certificate "/etc/letsencrypt/live/sobunny.com/fullchain.pem": BIO_new_file() failed (SSL: error:80000002:system library::No such file or directory:calling fopen(/etc/letsencrypt/live/sobunny.com/fullchain.pem, r) error:10000080:BIO routines::no such file)
2024/10/04 18:07:11 [emerg] 1#1: cannot load certificate "/etc/letsencrypt/live/sobunny.com/fullchain.pem": BIO_new_file() failed (SSL: error:80000002:system library::No such file or directory:calling fopen(/etc/letsencrypt/live/sobunny.com/fullchain.pem, r) error:10000080:BIO routines::no such file)
2024/10/04 18:07:12 [emerg] 1#1: cannot load certificate "/etc/letsencrypt/live/sobunny.com/fullchain.pem": BIO_new_file() failed (SSL: error:80000002:system library::No such file or directory:calling fopen(/etc/letsencrypt/live/sobunny.com/fullchain.pem, r) error:10000080:BIO routines::no such file)
2024/10/04 18:07:14 [emerg] 1#1: cannot load certificate "/etc/letsencrypt/live/sobunny.com/fullchain.pem": BIO_new_file() failed (SSL: error:80000002:system library::No such file or directory:calling fopen(/etc/letsencrypt/live/sobunny.com/fullchain.pem, r) error:10000080:BIO routines::no such file)
2024/10/04 18:07:17 [emerg] 1#1: cannot load certificate "/etc/letsencrypt/live/sobunny.com/fullchain.pem": BIO_new_file() failed (SSL: error:80000002:system library::No such file or directory:calling fopen(/etc/letsencrypt/live/sobunny.com/fullchain.pem, r) error:10000080:BIO routines::no such file)
2024/10/04 18:07:24 [emerg] 1#1: cannot load certificate "/etc/letsencrypt/live/sobunny.com/fullchain.pem": BIO_new_file() failed (SSL: error:80000002:system library::No such file or directory:calling fopen(/etc/letsencrypt/live/sobunny.com/fullchain.pem, r) error:10000080:BIO routines::no such file)
2024/10/04 18:07:37 [emerg] 1#1: cannot load certificate "/etc/letsencrypt/live/sobunny.com/fullchain.pem": BIO_new_file() failed (SSL: error:80000002:system library::No such file or directory:calling fopen(/etc/letsencrypt/live/sobunny.com/fullchain.pem, r) error:10000080:BIO routines::no such file)
2024/10/04 18:07:59 [notice] 1#1: using the "epoll" event method
2024/10/04 18:07:59 [notice] 1#1: nginx/1.26.0
2024/10/04 18:07:59 [notice] 1#1: built by gcc 13.2.1 20231014 (Alpine 13.2.1_git20231014) 
2024/10/04 18:07:59 [notice] 1#1: OS: Linux 6.8.0-45-generic
2024/10/04 18:07:59 [notice] 1#1: getrlimit(RLIMIT_NOFILE): 1048576:1048576
2024/10/04 18:07:59 [notice] 1#1: start worker processes
2024/10/04 18:07:59 [notice] 1#1: start worker process 29
2024/10/04 18:07:59 [notice] 1#1: start worker process 30
2024/10/04 18:07:59 [notice] 1#1: start worker process 31
2024/10/04 18:07:59 [notice] 1#1: start worker process 32
2024/10/04 18:07:59 [notice] 1#1: start worker process 33
2024/10/04 18:07:59 [notice] 1#1: start worker process 34
2024/10/04 18:07:59 [notice] 1#1: start worker process 35
2024/10/04 18:07:59 [notice] 1#1: start worker process 36
2024/10/04 18:23:04 [notice] 1#1: signal 3 (SIGQUIT) received, shutting down
2024/10/04 18:23:04 [notice] 29#29: gracefully shutting down
2024/10/04 18:23:04 [notice] 30#30: gracefully shutting down
2024/10/04 18:23:04 [notice] 31#31: gracefully shutting down
2024/10/04 18:23:04 [notice] 36#36: gracefully shutting down
2024/10/04 18:23:04 [notice] 29#29: exiting
2024/10/04 18:23:04 [notice] 30#30: exiting
2024/10/04 18:23:04 [notice] 31#31: exiting
2024/10/04 18:23:04 [notice] 36#36: exiting
2024/10/04 18:23:04 [notice] 35#35: gracefully shutting down
2024/10/04 18:23:04 [notice] 35#35: exiting
2024/10/04 18:23:04 [notice] 32#32: gracefully shutting down
2024/10/04 18:23:04 [notice] 30#30: exit
2024/10/04 18:23:04 [notice] 31#31: exit
2024/10/04 18:23:04 [notice] 36#36: exit
2024/10/04 18:23:04 [notice] 32#32: exiting
2024/10/04 18:23:04 [notice] 29#29: exit
2024/10/04 18:23:04 [notice] 35#35: exit
2024/10/04 18:23:04 [notice] 32#32: exit
2024/10/04 18:23:04 [notice] 33#33: gracefully shutting down
2024/10/04 18:23:04 [notice] 34#34: gracefully shutting down
2024/10/04 18:23:04 [notice] 33#33: exiting
2024/10/04 18:23:04 [notice] 34#34: exiting
2024/10/04 18:23:04 [notice] 33#33: exit
2024/10/04 18:23:04 [notice] 34#34: exit
2024/10/04 18:23:04 [notice] 1#1: signal 17 (SIGCHLD) received from 33
2024/10/04 18:23:04 [notice] 1#1: worker process 30 exited with code 0
2024/10/04 18:23:04 [notice] 1#1: worker process 33 exited with code 0
2024/10/04 18:23:04 [notice] 1#1: signal 29 (SIGIO) received
2024/10/04 18:23:04 [notice] 1#1: signal 17 (SIGCHLD) received from 36
2024/10/04 18:23:04 [notice] 1#1: worker process 36 exited with code 0
2024/10/04 18:23:04 [notice] 1#1: signal 29 (SIGIO) received
2024/10/04 18:23:04 [notice] 1#1: signal 17 (SIGCHLD) received from 29
2024/10/04 18:23:04 [notice] 1#1: worker process 29 exited with code 0
2024/10/04 18:23:04 [notice] 1#1: signal 29 (SIGIO) received
2024/10/04 18:23:04 [notice] 1#1: signal 17 (SIGCHLD) received from 34
2024/10/04 18:23:04 [notice] 1#1: worker process 34 exited with code 0
2024/10/04 18:23:04 [notice] 1#1: worker process 32 exited with code 0
2024/10/04 18:23:04 [notice] 1#1: worker process 35 exited with code 0
2024/10/04 18:23:04 [notice] 1#1: signal 29 (SIGIO) received
2024/10/04 18:23:04 [notice] 1#1: signal 17 (SIGCHLD) received from 35
2024/10/04 18:23:04 [notice] 1#1: signal 17 (SIGCHLD) received from 31
2024/10/04 18:23:04 [notice] 1#1: worker process 31 exited with code 0
2024/10/04 18:23:04 [notice] 1#1: exit
2024/10/04 22:07:47 [notice] 1#1: using the "epoll" event method
2024/10/04 22:07:47 [notice] 1#1: nginx/1.26.0
2024/10/04 22:07:47 [notice] 1#1: built by gcc 13.2.1 20231014 (Alpine 13.2.1_git20231014) 
2024/10/04 22:07:47 [notice] 1#1: OS: Linux 6.8.0-45-generic
2024/10/04 22:07:47 [notice] 1#1: getrlimit(RLIMIT_NOFILE): 1048576:1048576
2024/10/04 22:07:47 [notice] 1#1: start worker processes
2024/10/04 22:07:47 [notice] 1#1: start worker process 29
2024/10/04 22:07:47 [notice] 1#1: start worker process 30
2024/10/04 22:07:47 [notice] 1#1: start worker process 31
2024/10/04 22:07:47 [notice] 1#1: start worker process 32
2024/10/04 22:07:47 [notice] 1#1: start worker process 33
2024/10/04 22:07:47 [notice] 1#1: start worker process 34
2024/10/04 22:07:47 [notice] 1#1: start worker process 35
2024/10/04 22:07:47 [notice] 1#1: start worker process 36
2024/10/04 22:08:09 [notice] 1#1: signal 3 (SIGQUIT) received, shutting down
2024/10/04 22:08:09 [notice] 29#29: gracefully shutting down
2024/10/04 22:08:09 [notice] 31#31: gracefully shutting down
2024/10/04 22:08:09 [notice] 31#31: exiting
2024/10/04 22:08:09 [notice] 29#29: exiting
2024/10/04 22:08:09 [notice] 31#31: exit
2024/10/04 22:08:09 [notice] 29#29: exit
2024/10/04 22:08:09 [notice] 36#36: gracefully shutting down
2024/10/04 22:08:09 [notice] 36#36: exiting
2024/10/04 22:08:09 [notice] 36#36: exit
2024/10/04 22:08:09 [notice] 30#30: gracefully shutting down
2024/10/04 22:08:09 [notice] 32#32: gracefully shutting down
2024/10/04 22:08:09 [notice] 32#32: exiting
2024/10/04 22:08:09 [notice] 32#32: exit
2024/10/04 22:08:09 [notice] 33#33: gracefully shutting down
2024/10/04 22:08:09 [notice] 33#33: exiting
2024/10/04 22:08:09 [notice] 34#34: gracefully shutting down
2024/10/04 22:08:09 [notice] 33#33: exit
2024/10/04 22:08:09 [notice] 34#34: exiting
2024/10/04 22:08:09 [notice] 34#34: exit
2024/10/04 22:08:09 [notice] 35#35: gracefully shutting down
2024/10/04 22:08:09 [notice] 35#35: exiting
2024/10/04 22:08:09 [notice] 35#35: exit
2024/10/04 22:08:09 [notice] 1#1: signal 17 (SIGCHLD) received from 32
2024/10/04 22:08:09 [notice] 1#1: worker process 32 exited with code 0
2024/10/04 22:08:09 [notice] 1#1: signal 17 (SIGCHLD) received from 36
2024/10/04 22:08:09 [notice] 1#1: worker process 31 exited with code 0
2024/10/04 22:08:09 [notice] 1#1: worker process 36 exited with code 0
2024/10/04 22:08:09 [notice] 1#1: signal 29 (SIGIO) received
2024/10/04 22:08:09 [notice] 1#1: signal 29 (SIGIO) received
2024/10/04 22:08:09 [notice] 1#1: signal 17 (SIGCHLD) received from 29
2024/10/04 22:08:09 [notice] 1#1: worker process 29 exited with code 0
2024/10/04 22:08:09 [notice] 1#1: signal 29 (SIGIO) received
2024/10/04 22:08:09 [notice] 1#1: signal 17 (SIGCHLD) received from 33
2024/10/04 22:08:09 [notice] 1#1: worker process 33 exited with code 0
2024/10/04 22:08:09 [notice] 1#1: signal 29 (SIGIO) received
2024/10/04 22:08:09 [notice] 1#1: signal 17 (SIGCHLD) received from 35
2024/10/04 22:08:09 [notice] 1#1: worker process 35 exited with code 0
2024/10/04 22:08:09 [notice] 1#1: signal 29 (SIGIO) received
2024/10/04 22:08:09 [notice] 1#1: signal 17 (SIGCHLD) received from 34
2024/10/04 22:08:09 [notice] 1#1: worker process 34 exited with code 0
2024/10/04 22:08:09 [notice] 1#1: signal 29 (SIGIO) received
2024/10/04 22:08:10 [notice] 30#30: exiting
2024/10/04 22:08:10 [notice] 30#30: exit
2024/10/04 22:08:10 [notice] 1#1: signal 17 (SIGCHLD) received from 30
2024/10/04 22:08:10 [notice] 1#1: worker process 30 exited with code 0
2024/10/04 22:08:10 [notice] 1#1: exit
2024/10/04 22:09:46 [notice] 1#1: using the "epoll" event method
2024/10/04 22:09:46 [notice] 1#1: nginx/1.26.0
2024/10/04 22:09:46 [notice] 1#1: built by gcc 13.2.1 20231014 (Alpine 13.2.1_git20231014) 
2024/10/04 22:09:46 [notice] 1#1: OS: Linux 6.8.0-45-generic
2024/10/04 22:09:46 [notice] 1#1: getrlimit(RLIMIT_NOFILE): 1048576:1048576
2024/10/04 22:09:46 [notice] 1#1: start worker processes
2024/10/04 22:09:46 [notice] 1#1: start worker process 29
2024/10/04 22:09:46 [notice] 1#1: start worker process 30
2024/10/04 22:09:46 [notice] 1#1: start worker process 31
2024/10/04 22:09:46 [notice] 1#1: start worker process 32
2024/10/04 22:09:46 [notice] 1#1: start worker process 33
2024/10/04 22:09:46 [notice] 1#1: start worker process 34
2024/10/04 22:09:46 [notice] 1#1: start worker process 35
2024/10/04 22:09:46 [notice] 1#1: start worker process 36
2024/10/04 22:47:13 [error] 29#29: *1 open() "/var/www/html/public404" failed (2: No such file or directory), client: 172.21.0.1, server: localhost, request: "GET /install HTTP/1.1", host: "localhost:8088"
2024/10/04 22:48:14 [notice] 1#1: signal 3 (SIGQUIT) received, shutting down
2024/10/04 22:48:14 [notice] 29#29: gracefully shutting down
2024/10/04 22:48:14 [notice] 30#30: gracefully shutting down
2024/10/04 22:48:14 [notice] 31#31: gracefully shutting down
2024/10/04 22:48:14 [notice] 32#32: gracefully shutting down
2024/10/04 22:48:14 [notice] 33#33: gracefully shutting down
2024/10/04 22:48:14 [notice] 36#36: gracefully shutting down
2024/10/04 22:48:14 [notice] 30#30: exiting
2024/10/04 22:48:14 [notice] 31#31: exiting
2024/10/04 22:48:14 [notice] 32#32: exiting
2024/10/04 22:48:14 [notice] 33#33: exiting
2024/10/04 22:48:14 [notice] 36#36: exiting
2024/10/04 22:48:14 [notice] 29#29: exiting
2024/10/04 22:48:14 [notice] 35#35: gracefully shutting down
2024/10/04 22:48:14 [notice] 31#31: exit
2024/10/04 22:48:14 [notice] 33#33: exit
2024/10/04 22:48:14 [notice] 35#35: exiting
2024/10/04 22:48:14 [notice] 29#29: exit
2024/10/04 22:48:14 [notice] 30#30: exit
2024/10/04 22:48:14 [notice] 35#35: exit
2024/10/04 22:48:14 [notice] 36#36: exit
2024/10/04 22:48:14 [notice] 32#32: exit
2024/10/04 22:48:14 [notice] 34#34: gracefully shutting down
2024/10/04 22:48:14 [notice] 34#34: exiting
2024/10/04 22:48:14 [notice] 34#34: exit
2024/10/04 22:48:14 [notice] 1#1: signal 17 (SIGCHLD) received from 35
2024/10/04 22:48:14 [notice] 1#1: worker process 35 exited with code 0
2024/10/04 22:48:14 [notice] 1#1: signal 29 (SIGIO) received
2024/10/04 22:48:14 [notice] 1#1: signal 17 (SIGCHLD) received from 31
2024/10/04 22:48:14 [notice] 1#1: worker process 31 exited with code 0
2024/10/04 22:48:14 [notice] 1#1: signal 29 (SIGIO) received
2024/10/04 22:48:14 [notice] 1#1: signal 17 (SIGCHLD) received from 29
2024/10/04 22:48:14 [notice] 1#1: worker process 29 exited with code 0
2024/10/04 22:48:14 [notice] 1#1: worker process 32 exited with code 0
2024/10/04 22:48:14 [notice] 1#1: signal 29 (SIGIO) received
2024/10/04 22:48:14 [notice] 1#1: signal 17 (SIGCHLD) received from 32
2024/10/04 22:48:14 [notice] 1#1: signal 17 (SIGCHLD) received from 33
2024/10/04 22:48:14 [notice] 1#1: worker process 33 exited with code 0
2024/10/04 22:48:14 [notice] 1#1: worker process 34 exited with code 0
2024/10/04 22:48:14 [notice] 1#1: worker process 36 exited with code 0
2024/10/04 22:48:14 [notice] 1#1: signal 29 (SIGIO) received
2024/10/04 22:48:14 [notice] 1#1: signal 17 (SIGCHLD) received from 36
2024/10/04 22:48:14 [notice] 1#1: signal 17 (SIGCHLD) received from 30
2024/10/04 22:48:14 [notice] 1#1: worker process 30 exited with code 0
2024/10/04 22:48:14 [notice] 1#1: exit
2024/10/04 22:48:50 [notice] 1#1: using the "epoll" event method
2024/10/04 22:48:50 [notice] 1#1: nginx/1.26.0
2024/10/04 22:48:50 [notice] 1#1: built by gcc 13.2.1 20231014 (Alpine 13.2.1_git20231014) 
2024/10/04 22:48:50 [notice] 1#1: OS: Linux 6.8.0-45-generic
2024/10/04 22:48:50 [notice] 1#1: getrlimit(RLIMIT_NOFILE): 1048576:1048576
2024/10/04 22:48:50 [notice] 1#1: start worker processes
2024/10/04 22:48:50 [notice] 1#1: start worker process 29
2024/10/04 22:48:50 [notice] 1#1: start worker process 30
2024/10/04 22:48:50 [notice] 1#1: start worker process 31
2024/10/04 22:48:50 [notice] 1#1: start worker process 32
2024/10/04 22:48:50 [notice] 1#1: start worker process 33
2024/10/04 22:48:50 [notice] 1#1: start worker process 34
2024/10/04 22:48:50 [notice] 1#1: start worker process 35
2024/10/04 22:48:50 [notice] 1#1: start worker process 36
2024/10/04 23:24:49 [notice] 1#1: signal 3 (SIGQUIT) received, shutting down
2024/10/04 23:24:49 [notice] 29#29: gracefully shutting down
2024/10/04 23:24:49 [notice] 33#33: gracefully shutting down
2024/10/04 23:24:49 [notice] 34#34: gracefully shutting down
2024/10/04 23:24:49 [notice] 31#31: gracefully shutting down
2024/10/04 23:24:49 [notice] 35#35: gracefully shutting down
2024/10/04 23:24:49 [notice] 32#32: gracefully shutting down
2024/10/04 23:24:49 [notice] 30#30: gracefully shutting down
2024/10/04 23:24:49 [notice] 29#29: exiting
2024/10/04 23:24:49 [notice] 33#33: exiting
2024/10/04 23:24:49 [notice] 34#34: exiting
2024/10/04 23:24:49 [notice] 31#31: exiting
2024/10/04 23:24:49 [notice] 35#35: exiting
2024/10/04 23:24:49 [notice] 32#32: exiting
2024/10/04 23:24:49 [notice] 30#30: exiting
2024/10/04 23:24:49 [notice] 33#33: exit
2024/10/04 23:24:49 [notice] 34#34: exit
2024/10/04 23:24:49 [notice] 35#35: exit
2024/10/04 23:24:49 [notice] 31#31: exit
2024/10/04 23:24:49 [notice] 29#29: exit
2024/10/04 23:24:49 [notice] 32#32: exit
2024/10/04 23:24:49 [notice] 30#30: exit
2024/10/04 23:24:49 [notice] 36#36: gracefully shutting down
2024/10/04 23:24:49 [notice] 36#36: exiting
2024/10/04 23:24:49 [notice] 36#36: exit
2024/10/04 23:24:49 [notice] 1#1: signal 17 (SIGCHLD) received from 30
2024/10/04 23:24:49 [notice] 1#1: worker process 30 exited with code 0
2024/10/04 23:24:49 [notice] 1#1: signal 29 (SIGIO) received
2024/10/04 23:24:49 [notice] 1#1: signal 17 (SIGCHLD) received from 31
2024/10/04 23:24:49 [notice] 1#1: worker process 31 exited with code 0
2024/10/04 23:24:49 [notice] 1#1: worker process 32 exited with code 0
2024/10/04 23:24:49 [notice] 1#1: worker process 33 exited with code 0
2024/10/04 23:24:49 [notice] 1#1: signal 29 (SIGIO) received
2024/10/04 23:24:49 [notice] 1#1: signal 17 (SIGCHLD) received from 32
2024/10/04 23:24:49 [notice] 1#1: signal 17 (SIGCHLD) received from 36
2024/10/04 23:24:49 [notice] 1#1: worker process 36 exited with code 0
2024/10/04 23:24:49 [notice] 1#1: signal 29 (SIGIO) received
2024/10/04 23:24:49 [notice] 1#1: signal 17 (SIGCHLD) received from 34
2024/10/04 23:24:49 [notice] 1#1: worker process 34 exited with code 0
2024/10/04 23:24:49 [notice] 1#1: signal 29 (SIGIO) received
2024/10/04 23:24:49 [notice] 1#1: signal 17 (SIGCHLD) received from 35
2024/10/04 23:24:49 [notice] 1#1: worker process 35 exited with code 0
2024/10/04 23:24:49 [notice] 1#1: worker process 29 exited with code 0
2024/10/04 23:24:49 [notice] 1#1: exit
2024/10/19 04:19:47 [notice] 1#1: using the "epoll" event method
2024/10/19 04:19:47 [notice] 1#1: nginx/1.26.0
2024/10/19 04:19:47 [notice] 1#1: built by gcc 13.2.1 20231014 (Alpine 13.2.1_git20231014) 
2024/10/19 04:19:47 [notice] 1#1: OS: Linux 6.8.0-45-generic
2024/10/19 04:19:47 [notice] 1#1: getrlimit(RLIMIT_NOFILE): 1048576:1048576
2024/10/19 04:19:47 [notice] 1#1: start worker processes
2024/10/19 04:19:47 [notice] 1#1: start worker process 29
2024/10/19 04:19:47 [notice] 1#1: start worker process 30
2024/10/19 04:19:47 [notice] 1#1: start worker process 31
2024/10/19 04:19:47 [notice] 1#1: start worker process 32
2024/10/19 04:19:47 [notice] 1#1: start worker process 33
2024/10/19 04:19:47 [notice] 1#1: start worker process 34
2024/10/19 04:19:47 [notice] 1#1: start worker process 35
2024/10/19 04:19:47 [notice] 1#1: start worker process 36
